{"C:\\Users\\Paweł\\projects\\react\\saper\\src\\utils\\index.ts": {"path":"C:\\Users\\Paweł\\projects\\react\\saper\\src\\utils\\index.ts","statementMap":{"0":{"start":{"line":5,"column":13},"end":{"line":11,"column":null}},"1":{"start":{"line":13,"column":35},"end":{"line":15,"column":1}},"2":{"start":{"line":14,"column":4},"end":{"line":14,"column":null}},"3":{"start":{"line":14,"column":48},"end":{"line":14,"column":75}},"4":{"start":{"line":13,"column":13},"end":{"line":13,"column":35}},"5":{"start":{"line":17,"column":30},"end":{"line":38,"column":1}},"6":{"start":{"line":18,"column":4},"end":{"line":18,"column":null}},"7":{"start":{"line":18,"column":44},"end":{"line":18,"column":null}},"8":{"start":{"line":20,"column":27},"end":{"line":20,"column":38}},"9":{"start":{"line":21,"column":29},"end":{"line":21,"column":59}},"10":{"start":{"line":22,"column":26},"end":{"line":22,"column":51}},"11":{"start":{"line":24,"column":4},"end":{"line":35,"column":null}},"12":{"start":{"line":24,"column":17},"end":{"line":24,"column":18}},"13":{"start":{"line":25,"column":8},"end":{"line":34,"column":null}},"14":{"start":{"line":25,"column":21},"end":{"line":25,"column":22}},"15":{"start":{"line":26,"column":12},"end":{"line":28,"column":null}},"16":{"start":{"line":27,"column":16},"end":{"line":27,"column":null}},"17":{"start":{"line":29,"column":12},"end":{"line":32,"column":null}},"18":{"start":{"line":30,"column":16},"end":{"line":30,"column":null}},"19":{"start":{"line":31,"column":16},"end":{"line":31,"column":null}},"20":{"start":{"line":33,"column":12},"end":{"line":33,"column":null}},"21":{"start":{"line":37,"column":4},"end":{"line":37,"column":null}},"22":{"start":{"line":17,"column":13},"end":{"line":17,"column":30}}},"fnMap":{"0":{"name":"(anonymous_0)","decl":{"start":{"line":13,"column":35},"end":{"line":13,"column":36}},"loc":{"start":{"line":13,"column":90},"end":{"line":15,"column":1}}},"1":{"name":"(anonymous_1)","decl":{"start":{"line":14,"column":42},"end":{"line":14,"column":45}},"loc":{"start":{"line":14,"column":48},"end":{"line":14,"column":75}}},"2":{"name":"(anonymous_2)","decl":{"start":{"line":17,"column":30},"end":{"line":17,"column":31}},"loc":{"start":{"line":17,"column":75},"end":{"line":38,"column":1}}}},"branchMap":{"0":{"loc":{"start":{"line":13,"column":50},"end":{"line":13,"column":79}},"type":"default-arg","locations":[{"start":{"line":13,"column":64},"end":{"line":13,"column":79}}]},"1":{"loc":{"start":{"line":18,"column":4},"end":{"line":18,"column":null}},"type":"if","locations":[{"start":{"line":18,"column":4},"end":{"line":18,"column":null}}]},"2":{"loc":{"start":{"line":18,"column":8},"end":{"line":18,"column":42}},"type":"binary-expr","locations":[{"start":{"line":18,"column":8},"end":{"line":18,"column":23}},{"start":{"line":18,"column":27},"end":{"line":18,"column":42}}]},"3":{"loc":{"start":{"line":26,"column":12},"end":{"line":28,"column":null}},"type":"if","locations":[{"start":{"line":26,"column":12},"end":{"line":28,"column":null}}]},"4":{"loc":{"start":{"line":29,"column":12},"end":{"line":32,"column":null}},"type":"if","locations":[{"start":{"line":29,"column":12},"end":{"line":32,"column":null}}]}},"s":{"0":1,"1":1,"2":7,"3":14,"4":1,"5":1,"6":6,"7":2,"8":4,"9":4,"10":4,"11":4,"12":4,"13":6,"14":6,"15":10,"16":2,"17":8,"18":7,"19":7,"20":8,"21":2,"22":1},"f":{"0":7,"1":14,"2":6},"b":{"0":[6],"1":[2],"2":[6,5],"3":[2],"4":[7]}}
}
